TN:
SF:utils/arrayUtils.js
FN:2,findMax
FN:10,findMin
FN:17,removeDuplicates
FNF:3
FNH:3
FNDA:2,findMax
FNDA:2,findMin
FNDA:2,removeDuplicates
DA:3,2
DA:4,1
DA:6,1
DA:8,1
DA:11,2
DA:12,1
DA:14,1
DA:18,2
DA:19,1
DA:21,1
LF:10
LH:10
BRDA:3,0,0,1
BRDA:3,0,1,1
BRDA:11,1,0,1
BRDA:11,1,1,1
BRDA:18,2,0,1
BRDA:18,2,1,1
BRF:6
BRH:6
end_of_record
TN:
SF:utils/mathUtils.js
FN:2,add
FN:6,subtract
FN:10,multiply
FN:14,divide
FNF:4
FNH:4
FNDA:1,add
FNDA:1,subtract
FNDA:1,multiply
FNDA:2,divide
DA:3,1
DA:7,1
DA:11,1
DA:15,2
DA:16,1
DA:18,1
LF:6
LH:6
BRDA:15,0,0,1
BRDA:15,0,1,1
BRF:2
BRH:2
end_of_record
TN:
SF:utils/stringUtils.js
FN:1,capitalize
FN:8,reverseString
FN:15,isPalindrome
FNF:3
FNH:3
FNDA:2,capitalize
FNDA:2,reverseString
FNDA:3,isPalindrome
DA:2,2
DA:3,1
DA:5,1
DA:9,2
DA:10,1
DA:12,1
DA:16,3
DA:17,1
DA:19,2
DA:20,2
LF:10
LH:10
BRDA:2,0,0,1
BRDA:2,0,1,1
BRDA:9,1,0,1
BRDA:9,1,1,1
BRDA:16,2,0,1
BRDA:16,2,1,2
BRF:6
BRH:6
end_of_record
TN:
SF:utils/studentKnowledgeCheckerUtil.js
FN:8,checkStudentKnowledge
FNF:1
FNH:1
FNDA:4,checkStudentKnowledge
DA:9,4
DA:10,4
DA:12,4
DA:13,1
DA:16,3
DA:17,5
DA:18,1
DA:22,2
DA:23,4
DA:24,1
DA:28,1
LF:11
LH:11
BRDA:12,0,0,1
BRDA:12,0,1,3
BRDA:17,1,0,1
BRDA:17,1,1,4
BRDA:23,2,0,1
BRDA:23,2,1,3
BRF:6
BRH:6
end_of_record
TN:
SF:utils/usersListUtils.js
FN:8,filterUsersByAge
FN:12,(anonymous_1)
FN:20,sortUsersByName
FN:24,(anonymous_3)
FN:33,findUserById
FN:37,(anonymous_5)
FN:46,isEmailTaken
FN:50,(anonymous_7)
FNF:8
FNH:8
FNDA:7,filterUsersByAge
FNDA:16,(anonymous_1)
FNDA:6,sortUsersByName
FNDA:8,(anonymous_3)
FNDA:7,findUserById
FNDA:18,(anonymous_5)
FNDA:9,isEmailTaken
FNDA:22,(anonymous_7)
DA:9,7
DA:10,1
DA:12,16
DA:21,6
DA:22,1
DA:24,8
DA:34,7
DA:35,1
DA:37,18
DA:47,9
DA:48,1
DA:50,22
LF:12
LH:12
BRDA:9,0,0,1
BRDA:9,0,1,6
BRDA:12,1,0,16
BRDA:12,1,1,11
BRDA:21,2,0,1
BRDA:21,2,1,5
BRDA:34,3,0,1
BRDA:34,3,1,6
BRDA:37,4,0,6
BRDA:37,4,1,5
BRDA:47,5,0,1
BRDA:47,5,1,8
BRF:12
BRH:12
end_of_record
